--------------------------------------------------------------------------
[[33548,1],24]: A high-performance Open MPI point-to-point messaging module
was unable to find any relevant network interfaces:

Module: OpenFabrics (openib)
  Host: bastet

Another transport will be used instead, although this may result in
lower performance.

NOTE: You can disable this warning by setting the MCA parameter
btl_base_warn_component_unused to 0.
--------------------------------------------------------------------------
FITNESS= 0 16 906.4
FITNESS= 0 45 906.4
[bastet:66351] 59 more processes have sent help message help-mpi-btl-base.txt / btl:no-nics
[bastet:66351] Set MCA parameter "orte_base_help_aggregate" to 0 to see all help / error messages
FITNESS= 0 38 906.4
FITNESS= 0 34 906.4
FITNESS= 0 51 906.4
FITNESS= 0 24 963.03235
FITNESS= 0 40 132575.39
FITNESS= 0 59 906.4
FITNESS= 0 12 905.6572
FITNESS= 0 17 900.72595
FITNESS= 0 2 884.7473
FITNESS= 0 20 906.4
FITNESS= 0 49 906.4
FITNESS= 0 58 903.46204
FITNESS= 0 25 906.38257
FITNESS= 0 22 906.4
FITNESS= 0 18 90125.97
FITNESS= 0 44 874.57623
FITNESS= 0 19 906.4
FITNESS= 0 36 905.7654
FITNESS= 0 3 899.58044
FITNESS= 0 27 906.01465
FITNESS= 0 10 887.0543
FITNESS= 0 32 906.4
FITNESS= 0 9 906.4
FITNESS= 0 23 901.42615
FITNESS= 0 46 784.761
FITNESS= 0 43 906.3822
FITNESS= 0 29 906.4
FITNESS= 0 52 906.4
FITNESS= 0 33 24212.057
FITNESS= 0 53 881.01306
FITNESS= 0 42 3360.1475
FITNESS= 0 8 906.4
FITNESS= 0 55 906.3982
FITNESS= 0 11 826.3639
FITNESS= 0 35 243757.31
FITNESS= 0 21 905.4335
FITNESS= 0 28 905.72217
FITNESS= 0 13 906.39905
FITNESS= 0 6 901.29114
FITNESS= 0 41 792.92883
FITNESS= 0 47 905.9591
